{"email":"alan.bilik8@gmail.com","level":"warn","message":"User not found","timestamp":"2025-01-13T17:06:32.679Z"}
{"email":"alan.bilik8@gmail.com","level":"warn","message":"User not found","timestamp":"2025-01-13T17:06:36.716Z"}
{"email":"alan.bilik8@gmail.com","level":"warn","message":"User not found","timestamp":"2025-01-13T17:06:46.113Z"}
{"email":"alan.bilik8@gmail.com","level":"warn","message":"User not found","timestamp":"2025-01-13T17:51:55.345Z"}
{"email":"alan.bilik8@gmail.com","level":"warn","message":"User not found","timestamp":"2025-01-13T17:56:41.340Z"}
{"email":"alan.bilik8@gmail.com","level":"warn","message":"User not found","timestamp":"2025-01-13T17:57:35.017Z"}
{"email":"alan.bilik8@gmail.com","level":"warn","message":"User not found","timestamp":"2025-01-13T17:57:52.535Z"}
{"email":"alan.bilik8@gmail.com","level":"warn","message":"User not found","timestamp":"2025-01-13T18:04:09.737Z"}
{"email":"alan.bilik8@gmail.com","level":"warn","message":"User not found","timestamp":"2025-01-13T18:04:17.736Z"}
{"email":"alan.bilik8@gmail.com","level":"warn","message":"User not found","timestamp":"2025-01-13T18:04:20.915Z"}
{"email":"alan.bilik8@gmail.com","level":"warn","message":"User not found","timestamp":"2025-01-13T18:04:43.282Z"}
{"email":"alan.bilik8@gmail.com","level":"warn","message":"User not found","timestamp":"2025-01-13T18:10:55.775Z"}
{"email":"alan.bilik8@gmail.com","level":"warn","message":"User not found","timestamp":"2025-01-13T18:10:58.996Z"}
{"email":"alan.bilik8@gmail.com","level":"warn","message":"User not found","timestamp":"2025-01-13T18:11:01.706Z"}
{"email":"alan.bilik8@gmail.com","level":"warn","message":"User not found","timestamp":"2025-01-13T18:13:15.349Z"}
{"email":"alan.bilik8@gmail.com","level":"warn","message":"User not found","timestamp":"2025-01-13T18:13:45.950Z"}
{"email":"alan.bilik8@gmail.com","level":"warn","message":"User not found","timestamp":"2025-01-13T18:13:55.819Z"}
{"email":"alan.bilik8@gmail.com","level":"warn","message":"User not found","timestamp":"2025-01-13T18:19:55.736Z"}
{"email":"alan.bilik8@gmail.com","level":"warn","message":"User not found","timestamp":"2025-01-13T18:22:55.930Z"}
{"email":"alan.bilik8@gmail.com","level":"warn","message":"User not found","timestamp":"2025-01-13T18:38:17.584Z"}
{"email":"alan.bilik8@gmail.com","level":"warn","message":"User not found","timestamp":"2025-01-13T18:40:41.498Z"}
{"email":"alan.bilik8@gmail.com","level":"warn","message":"User not found","timestamp":"2025-01-13T18:46:05.514Z"}
{"email":"alan.bilik8@gmail.com","level":"warn","message":"User not found","timestamp":"2025-01-13T18:50:00.676Z"}
{"email":"alan.bilik8@gmail.com","level":"warn","message":"User not found","timestamp":"2025-01-13T19:35:56.296Z"}
{"email":"alan.bilik8@gmail.com","level":"warn","message":"User not found","timestamp":"2025-01-13T19:36:01.867Z"}
{"email":"alan.bilik8@gmail.com","level":"warn","message":"User not found","timestamp":"2025-01-13T19:38:42.230Z"}
{"email":"alan.bilik8@gmail.com","level":"warn","message":"User not found","timestamp":"2025-01-13T19:38:47.230Z"}
{"email":"alan.bilik8@gmail.com","level":"warn","message":"User not found","timestamp":"2025-01-13T19:38:47.823Z"}
{"email":"alan.bilik8@gmail.com","level":"warn","message":"User not found","timestamp":"2025-01-13T19:38:47.989Z"}
{"email":"alan.bilik8@gmail.com","level":"warn","message":"User not found","timestamp":"2025-01-13T19:38:48.142Z"}
{"email":"alan.bilik8@gmail.com","level":"warn","message":"User not found","timestamp":"2025-01-13T19:38:48.282Z"}
{"email":"alan.bilik8@gmail.com","level":"warn","message":"User not found","timestamp":"2025-01-13T19:38:48.420Z"}
{"email":"alan.bilik8@gmail.com","level":"warn","message":"User not found","timestamp":"2025-01-13T19:38:48.560Z"}
{"email":"alan.bilik8@gmail.com","level":"warn","message":"User not found","timestamp":"2025-01-13T20:16:01.936Z"}
{"email":"alan.bilik8@gmail.com","level":"warn","message":"User not found","timestamp":"2025-01-13T20:16:12.421Z"}
{"email":"alanbilik8@gmail.com","level":"warn","message":"User already exists","timestamp":"2025-01-13T20:34:13.533Z"}
{"email":"alanbilik8@gmail.com","level":"warn","message":"User already exists","timestamp":"2025-01-13T20:34:29.580Z"}
{"email":"alan.bilik8@gmail.com","level":"warn","message":"User not found","timestamp":"2025-01-13T20:36:07.415Z"}
{"email":"alan.bilik8@gmail.com","level":"warn","message":"User not found","timestamp":"2025-01-13T21:07:17.791Z"}
{"email":"alan.bilik8@gmail.com","level":"warn","message":"User not found","timestamp":"2025-01-13T21:07:29.503Z"}
{"email":"alan.bilik8@gmail.com","level":"warn","message":"User not found","timestamp":"2025-01-13T21:07:37.715Z"}
{"email":"alan.bilik8@gmail.com","level":"warn","message":"User not found","timestamp":"2025-01-13T21:07:41.457Z"}
{"email":"alan.bilik8@gmail.com","level":"warn","message":"User not found","timestamp":"2025-01-13T21:07:45.449Z"}
{"email":"alan.bilik8@gmail.com","level":"warn","message":"User not found","timestamp":"2025-01-13T21:07:52.604Z"}
{"email":"alan.bilik8@gmail.com","level":"warn","message":"User not found","timestamp":"2025-01-13T21:08:13.366Z"}
{"email":"alan.bilik8@gmail.com","level":"warn","message":"User not found","timestamp":"2025-01-13T21:09:12.727Z"}
{"email":"alan.bilik8@gmail.com","level":"warn","message":"User not found","timestamp":"2025-01-13T21:09:26.456Z"}
{"email":"aldiecosta@gmail.com","level":"warn","message":"User not found","timestamp":"2025-01-18T04:56:00.663Z"}
{"email":"aldiecosta@gmail.com","level":"warn","message":"User not found","timestamp":"2025-01-18T04:56:12.462Z"}
{"error":"Cast to Number failed for value \"low\" (type string) at path \"priority\" for model \"Task\"","level":"error","message":"Error fetching tasks","timestamp":"2025-01-18T04:59:08.855Z"}
{"error":"Cast to Number failed for value \"medium\" (type string) at path \"priority\" for model \"Task\"","level":"error","message":"Error fetching tasks","timestamp":"2025-01-18T04:59:10.207Z"}
{"error":"Cast to Number failed for value \"medium\" (type string) at path \"priority\" for model \"Task\"","level":"error","message":"Error fetching tasks","timestamp":"2025-01-18T04:59:11.417Z"}
{"error":"Cast to Number failed for value \"medium\" (type string) at path \"priority\" for model \"Task\"","level":"error","message":"Error fetching tasks","timestamp":"2025-01-18T04:59:12.561Z"}
{"error":"Cast to Number failed for value \"medium\" (type string) at path \"priority\" for model \"Task\"","level":"error","message":"Error fetching tasks","timestamp":"2025-01-18T04:59:15.291Z"}
{"error":"Cast to Number failed for value \"low\" (type string) at path \"priority\" for model \"Task\"","level":"error","message":"Error fetching tasks","timestamp":"2025-01-18T04:59:49.210Z"}
{"error":"Cast to Number failed for value \"low\" (type string) at path \"priority\" for model \"Task\"","level":"error","message":"Error fetching tasks","timestamp":"2025-01-18T04:59:51.440Z"}
{"error":"Cast to Number failed for value \"low\" (type string) at path \"priority\" for model \"Task\"","level":"error","message":"Error fetching tasks","timestamp":"2025-01-18T04:59:53.239Z"}
{"error":"Cast to Number failed for value \"medium\" (type string) at path \"priority\" for model \"Task\"","level":"error","message":"Error fetching tasks","timestamp":"2025-01-18T04:59:54.848Z"}
{"level":"warn","message":"All fields are required","timestamp":"2025-01-18T05:36:43.492Z"}
